<?xml version="1.0" encoding="UTF-8"?>
<testsuite xmlns:xsi="http://www.w3.org/2001/XMLSchema-instance" xsi:noNamespaceSchemaLocation="https://maven.apache.org/surefire/maven-surefire-plugin/xsd/surefire-test-report.xsd" name="pl.tau.BoardGame.DaoTests.FigureDaoImplTest" time="1.024" tests="11" errors="0" skipped="0" failures="0">
  <properties>
[...]
</properties>
  <testcase name="setConnectionCreatesQueriesCheck" classname="pl.tau.BoardGame.DaoTests.FigureDaoImplTest" time="0.02"/>
  <testcase name="getRPGfigureExceptionCheck" classname="pl.tau.BoardGame.DaoTests.FigureDaoImplTest" time="0.22"/>
  <testcase name="deleteRPGfigureCheck" classname="pl.tau.BoardGame.DaoTests.FigureDaoImplTest" time="0.004"/>
  <testcase name="updateRPGfigureCheck" classname="pl.tau.BoardGame.DaoTests.FigureDaoImplTest" time="0.001"/>
  <testcase name="deleteExceptionCheck" classname="pl.tau.BoardGame.DaoTests.FigureDaoImplTest" time="0.001"/>
  <testcase name="updateExceptionCheck" classname="pl.tau.BoardGame.DaoTests.FigureDaoImplTest" time="0.001"/>
  <testcase name="setConnectionCheck" classname="pl.tau.BoardGame.DaoTests.FigureDaoImplTest" time="0.003"/>
  <testcase name="addInOrderExceptionCheck" classname="pl.tau.BoardGame.DaoTests.FigureDaoImplTest" time="0"/>
  <testcase name="getRPGfigurecheck" classname="pl.tau.BoardGame.DaoTests.FigureDaoImplTest" time="0.015"/>
  <testcase name="getAllCheck" classname="pl.tau.BoardGame.DaoTests.FigureDaoImplTest" time="0.048"/>
  <testcase name="addInOrderCheck" classname="pl.tau.BoardGame.DaoTests.FigureDaoImplTest" time="0.001"/>
</testsuite>