<?xml version="1.0" encoding="UTF-8"?>
<testsuite xmlns:xsi="http://www.w3.org/2001/XMLSchema-instance" xsi:noNamespaceSchemaLocation="https://maven.apache.org/surefire/maven-surefire-plugin/xsd/surefire-test-report.xsd" name="pl.tau.BoardGame.DAO.FigureDaoTest" time="0.702" tests="4" errors="2" skipped="0" failures="1">
  <properties>
[...]
</properties>
  <testcase name="setConnectionCreatesQueriesCheck" classname="pl.tau.BoardGame.DAO.FigureDaoTest" time="0.021">
    <failure message="&#10;Argument(s) are different! Wanted:&#10;connection.prepareStatement(&#10;    &quot;SELECT id, name, hp FROM Person ORDER BY id&quot;&#10;);&#10;-&gt; at pl.tau.BoardGame.DAO.FigureDaoTest.setConnectionCreatesQueriesCheck(FigureDaoTest.java:94)&#10;Actual invocation has different arguments:&#10;connection.prepareStatement(&#10;    &quot;DELETE FROM RPGfigure where id = ?&quot;&#10;);&#10;-&gt; at pl.tau.BoardGame.DAO.FigureDao.setConnection(FigureDao.java:82)&#10;" type="org.mockito.exceptions.verification.junit.ArgumentsAreDifferent">org.mockito.exceptions.verification.junit.ArgumentsAreDifferent: 

Argument(s) are different! Wanted:
connection.prepareStatement(
    "SELECT id, name, hp FROM Person ORDER BY id"
);
-> at pl.tau.BoardGame.DAO.FigureDaoTest.setConnectionCreatesQueriesCheck(FigureDaoTest.java:94)
Actual invocation has different arguments:
connection.prepareStatement(
    "DELETE FROM RPGfigure where id = ?"
);
-> at pl.tau.BoardGame.DAO.FigureDao.setConnection(FigureDao.java:82)

	at pl.tau.BoardGame.DAO.FigureDaoTest.setConnectionCreatesQueriesCheck(FigureDaoTest.java:94)
</failure>
  </testcase>
  <testcase name="setConnectionCheck" classname="pl.tau.BoardGame.DAO.FigureDaoTest" time="0"/>
  <testcase name="addCheck" classname="pl.tau.BoardGame.DAO.FigureDaoTest" time="0">
    <error type="java.lang.NullPointerException">java.lang.NullPointerException
	at pl.tau.BoardGame.DAO.FigureDaoTest.addCheck(FigureDaoTest.java:109)
</error>
    <system-out><![CDATA[[MockitoHint] FigureDaoTest.setConnectionCheck (see javadoc for MockitoHint):
[MockitoHint] 1. Unused... -> at pl.tau.BoardGame.DAO.FigureDaoTest.setup(FigureDaoTest.java:79)
[MockitoHint]  ...args ok? -> at pl.tau.BoardGame.DAO.FigureDao.setConnection(FigureDao.java:79)
[MockitoHint]  ...args ok? -> at pl.tau.BoardGame.DAO.FigureDao.setConnection(FigureDao.java:82)
[MockitoHint]  ...args ok? -> at pl.tau.BoardGame.DAO.FigureDao.setConnection(FigureDao.java:84)
[MockitoHint]  ...args ok? -> at pl.tau.BoardGame.DAO.FigureDao.setConnection(FigureDao.java:85)

]]></system-out>
  </testcase>
  <testcase name="getAllCheck" classname="pl.tau.BoardGame.DAO.FigureDaoTest" time="0.13">
    <error type="java.lang.NullPointerException">java.lang.NullPointerException
	at pl.tau.BoardGame.DAO.FigureDaoTest.getAllCheck(FigureDaoTest.java:129)
</error>
    <system-out><![CDATA[[MockitoHint] FigureDaoTest.addCheck (see javadoc for MockitoHint):
[MockitoHint] 1. Unused... -> at pl.tau.BoardGame.DAO.FigureDaoTest.setup(FigureDaoTest.java:79)
[MockitoHint]  ...args ok? -> at pl.tau.BoardGame.DAO.FigureDao.setConnection(FigureDao.java:79)
[MockitoHint]  ...args ok? -> at pl.tau.BoardGame.DAO.FigureDao.setConnection(FigureDao.java:82)
[MockitoHint]  ...args ok? -> at pl.tau.BoardGame.DAO.FigureDao.setConnection(FigureDao.java:84)
[MockitoHint]  ...args ok? -> at pl.tau.BoardGame.DAO.FigureDao.setConnection(FigureDao.java:85)

]]></system-out>
  </testcase>
</testsuite>