<?xml version="1.0" encoding="UTF-8"?>
<testsuite xmlns:xsi="http://www.w3.org/2001/XMLSchema-instance" xsi:noNamespaceSchemaLocation="https://maven.apache.org/surefire/maven-surefire-plugin/xsd/surefire-test-report.xsd" name="pl.tau.BoardGame.Domain.FigureTest" time="0.001" tests="3" errors="0" skipped="0" failures="0">
  <properties>
[...]
</properties>
  <testcase name="createFigureCheck" classname="pl.tau.BoardGame.Domain.FigureTest" time="0"/>
  <testcase name="figureToStringCheck" classname="pl.tau.BoardGame.Domain.FigureTest" time="0"/>
  <testcase name="figureGettersAndSettersCheck" classname="pl.tau.BoardGame.Domain.FigureTest" time="0"/>
</testsuite>